\BOOKMARK [0][-]{section*.3}{Lista de Figuras}{}% 1
\BOOKMARK [0][-]{chapter.1}{Introdu\347\343o}{}% 2
\BOOKMARK [1][-]{section.1.1}{Justificativa}{chapter.1}% 3
\BOOKMARK [1][-]{section.1.2}{Objetivos}{chapter.1}% 4
\BOOKMARK [2][-]{subsection.1.2.1}{Objetivo Geral}{section.1.2}% 5
\BOOKMARK [2][-]{subsection.1.2.2}{Objetivos Espec\355ficos}{section.1.2}% 6
\BOOKMARK [0][-]{chapter.2}{Fundamenta\347\343o Te\363rica}{}% 7
\BOOKMARK [1][-]{section.2.1}{????}{chapter.2}% 8
\BOOKMARK [2][-]{subsection.2.1.1}{Detec\347\343o de Objetos}{section.2.1}% 9
\BOOKMARK [2][-]{subsection.2.1.2}{Detec\347\343o de Bordas}{section.2.1}% 10
\BOOKMARK [1][-]{section.2.2}{Espa\347o e Modelo de Cores}{chapter.2}% 11
\BOOKMARK [2][-]{subsection.2.2.1}{Espa\347os de Cores}{section.2.2}% 12
\BOOKMARK [2][-]{subsection.2.2.2}{Modelo de Cores}{section.2.2}% 13
\BOOKMARK [1][-]{section.2.3}{Linguagem de Programa\347\343o e Bibliotecas}{chapter.2}% 14
\BOOKMARK [1][-]{section.2.4}{Probabilidade e Estat\355stica}{chapter.2}% 15
\BOOKMARK [2][-]{subsection.2.4.1}{T de Student}{section.2.4}% 16
\BOOKMARK [2][-]{subsection.2.4.2}{Graus de Liberdade}{section.2.4}% 17
\BOOKMARK [2][-]{subsection.2.4.3}{Intervalos de Confian\347a}{section.2.4}% 18
\BOOKMARK [1][-]{section.2.5}{Trabalhos Relacionados}{chapter.2}% 19
\BOOKMARK [2][-]{subsection.2.5.1}{Calibra}{section.2.5}% 20
\BOOKMARK [0][-]{chapter.3}{Metodologia e Desenvolvimento}{}% 21
\BOOKMARK [1][-]{section.3.1}{Objetivo Especifico}{chapter.3}% 22
\BOOKMARK [2][-]{subsection.3.1.1}{Aquisi\347\343o da Imagem}{section.3.1}% 23
\BOOKMARK [2][-]{subsection.3.1.2}{Sele\347\343o de Cores}{section.3.1}% 24
\BOOKMARK [2][-]{subsection.3.1.3}{Defini\347\343o de M\355nimos e M\341ximos}{section.3.1}% 25
\BOOKMARK [1][-]{section.3.2}{Objetivos Espec\355ficos}{chapter.3}% 26
\BOOKMARK [2][-]{subsection.3.2.1}{Implementa\347\343o de Interface}{section.3.2}% 27
\BOOKMARK [2][-]{subsection.3.2.2}{Calibra\347\343o Inteligente}{section.3.2}% 28
